This file contains any messages produced by compilers while
running configure, to aid debugging if configure makes a mistake.

It was created by libogg configure 1.3.5, which was
generated by GNU Autoconf 2.69.  Invocation command line was

  $ ./configure --prefix=/Users/timschoen/Projecten/PlugData/fluidsynth --disable-option-checking --disable-shared --disable-dependency-tracking --enable-option-checking CPP=gcc -E CXXCPP=g++ -E

## --------- ##
## Platform. ##
## --------- ##

hostname = Timothys-MacBook-Pro.local
uname -m = arm64
uname -r = 21.5.0
uname -s = Darwin
uname -v = Darwin Kernel Version 21.5.0: Tue Apr 26 21:08:29 PDT 2022; root:xnu-8020.121.3~4/RELEASE_ARM64_T8101

/usr/bin/uname -p = arm
/bin/uname -X     = unknown

/bin/arch              = unknown
/usr/bin/arch -k       = unknown
/usr/convex/getsysinfo = unknown
/usr/bin/hostinfo      = Mach kernel version:
	 Darwin Kernel Version 21.5.0: Tue Apr 26 21:08:29 PDT 2022; root:xnu-8020.121.3~4/RELEASE_ARM64_T8101
Kernel configured for up to 8 processors.
8 processors are physically available.
8 processors are logically available.
Processor type: arm64e (ARM64E)
Processors active: 0 1 2 3 4 5 6 7
Primary memory available: 16.00 gigabytes
Default processor set: 500 tasks, 2832 threads, 8 processors
Load average: 25.08, Mach factor: 2.05
/bin/machine           = unknown
/usr/bin/oslevel       = unknown
/bin/universe          = unknown

PATH: /Users/timschoen/bin
PATH: /usr/local/bin
PATH: /Users/timschoen/.pyenv/versions/2.7.18/bin
PATH: /opt/local/bin
PATH: /opt/local/sbin
PATH: /Users/timschoen/emsdk
PATH: /Users/timschoen/emsdk/upstream/emscripten
PATH: /Users/timschoen/emsdk/node/14.15.5_64bit/bin
PATH: /opt/homebrew/bin
PATH: /opt/homebrew/sbin
PATH: /usr/local/bin
PATH: /usr/bin
PATH: /bin
PATH: /usr/sbin
PATH: /sbin
PATH: /Applications/VMware Fusion Tech Preview.app/Contents/Public
PATH: /opt/X11/bin
PATH: /Library/Apple/usr/bin


## ----------- ##
## Core tests. ##
## ----------- ##

configure:2494: checking build system type
